protocoder_backup/manifest-merger-normal-release-report.txt
-- Merging decision tree log ---
manifest
ADDED from AndroidManifest.xml:2:1
	xmlns:tools
		ADDED from AndroidManifest.xml:4:6
	xmlns:android
		ADDED from AndroidManifest.xml:3:6
	package
		ADDED from AndroidManifest.xml:5:6
		INJECTED from AndroidManifest.xml:0:0
		INJECTED from AndroidManifest.xml:0:0
	android:versionName
		INJECTED from AndroidManifest.xml:0:0
		INJECTED from AndroidManifest.xml:0:0
	android:versionCode
		INJECTED from AndroidManifest.xml:0:0
		INJECTED from AndroidManifest.xml:0:0
uses-sdk
ADDED from AndroidManifest.xml:7:5
MERGED from :processing_fragmented::7:5
MERGED from jp.kshoji:midi-driver:0.0.2-SNAPSHOT:7:5
MERGED from Protocoder:protocoder_apprunner:unspecified:normalrunnerRelease:7:5
MERGED from com.android.support:appcompat-v7:21.0.3:15:5
MERGED from com.android.support:support-v4:21.0.3:15:5
MERGED from com.android.support:recyclerview-v7:21.0.3:15:5
MERGED from com.android.support:support-v4:21.0.3:15:5
MERGED from com.android.support:cardview-v7:21.0.3:15:5
MERGED from com.android.support:palette-v7:21.0.3:15:5
MERGED from com.android.support:support-v4:21.0.3:15:5
MERGED from :processing_fragmented::7:5
MERGED from jp.kshoji:midi-driver:0.0.2-SNAPSHOT:7:5
	android:targetSdkVersion
		ADDED from AndroidManifest.xml:9:9
		INJECTED from AndroidManifest.xml:0:0
		INJECTED from AndroidManifest.xml:0:0
	android:minSdkVersion
		ADDED from AndroidManifest.xml:8:9
		INJECTED from AndroidManifest.xml:0:0
		INJECTED from AndroidManifest.xml:0:0
application
ADDED from AndroidManifest.xml:12:5
MERGED from :processing_fragmented::11:5
MERGED from Protocoder:protocoder_apprunner:unspecified:normalrunnerRelease:56:5
MERGED from com.android.support:appcompat-v7:21.0.3:16:5
MERGED from com.android.support:support-v4:21.0.3:16:5
MERGED from com.android.support:recyclerview-v7:21.0.3:17:5
MERGED from com.android.support:support-v4:21.0.3:16:5
MERGED from com.android.support:cardview-v7:21.0.3:16:5
MERGED from com.android.support:palette-v7:21.0.3:16:5
MERGED from com.android.support:support-v4:21.0.3:16:5
MERGED from :processing_fragmented::11:5
	android:label
		ADDED from AndroidManifest.xml:15:9
	android:allowBackup
		ADDED from AndroidManifest.xml:16:9
		REJECTED from Protocoder:protocoder_apprunner:unspecified:normalrunnerRelease:57:9
	android:icon
		ADDED from AndroidManifest.xml:14:9
	android:hardwareAccelerated
		ADDED from Protocoder:protocoder_apprunner:unspecified:normalrunnerRelease:58:9
	tools:replace
		ADDED from AndroidManifest.xml:17:9
	android:name
		ADDED from AndroidManifest.xml:13:9
activity#org.protocoder.activities.LauncherActivity
ADDED from AndroidManifest.xml:20:9
	android:label
		ADDED from AndroidManifest.xml:23:13
	android:icon
		ADDED from AndroidManifest.xml:22:13
	android:theme
		ADDED from AndroidManifest.xml:25:13
	android:name
		ADDED from AndroidManifest.xml:21:13
	android:logo
		ADDED from AndroidManifest.xml:24:13
	android:launchMode
		ADDED from AndroidManifest.xml:26:13
intent-filter#android.intent.action.MAIN+android.intent.category.DEFAULT+android.intent.category.HOME+android.intent.category.LAUNCHER
ADDED from AndroidManifest.xml:28:13
action#android.intent.action.MAIN
ADDED from AndroidManifest.xml:29:17
	android:name
		ADDED from AndroidManifest.xml:29:25
category#android.intent.category.LAUNCHER
ADDED from AndroidManifest.xml:30:17
	android:name
		ADDED from AndroidManifest.xml:30:27
category#android.intent.category.HOME
ADDED from AndroidManifest.xml:31:17
	android:name
		ADDED from AndroidManifest.xml:31:27
category#android.intent.category.DEFAULT
ADDED from AndroidManifest.xml:32:17
	android:name
		ADDED from AndroidManifest.xml:32:27
intent-filter#android.intent.category.DEFAULT+android.nfc.action.NDEF_DISCOVERED
ADDED from AndroidManifest.xml:34:13
action#android.nfc.action.NDEF_DISCOVERED
ADDED from AndroidManifest.xml:35:17
	android:name
		ADDED from AndroidManifest.xml:35:25
intent-filter#android.intent.action.ASSIST+android.intent.category.DEFAULT
ADDED from AndroidManifest.xml:38:13
action#android.intent.action.ASSIST
ADDED from AndroidManifest.xml:39:17
	android:name
		ADDED from AndroidManifest.xml:39:25
intent-filter#android.hardware.usb.action.USB_DEVICE_ATTACHED
ADDED from AndroidManifest.xml:44:13
action#android.hardware.usb.action.USB_DEVICE_ATTACHED
ADDED from AndroidManifest.xml:45:15
	android:name
		ADDED from AndroidManifest.xml:45:23
meta-data#android.hardware.usb.action.USB_DEVICE_ATTACHED
ADDED from AndroidManifest.xml:48:13
	android:resource
		ADDED from AndroidManifest.xml:50:17
	android:name
		ADDED from AndroidManifest.xml:49:17
activity#org.protocoder.MainActivity
ADDED from AndroidManifest.xml:54:9
	android:label
		ADDED from AndroidManifest.xml:56:13
	android:theme
		ADDED from AndroidManifest.xml:57:13
	android:name
		ADDED from AndroidManifest.xml:55:13
	android:logo
		ADDED from AndroidManifest.xml:58:13
activity#org.protocoder.activities.AboutActivity
ADDED from AndroidManifest.xml:60:9
	android:label
		ADDED from AndroidManifest.xml:64:13
	android:theme
		ADDED from AndroidManifest.xml:62:13
	android:parentActivityName
		ADDED from AndroidManifest.xml:63:13
	android:name
		ADDED from AndroidManifest.xml:61:13
activity#org.protocoder.activities.WelcomeActivity
ADDED from AndroidManifest.xml:66:9
	android:label
		ADDED from AndroidManifest.xml:69:13
	android:theme
		ADDED from AndroidManifest.xml:68:13
	android:name
		ADDED from AndroidManifest.xml:67:13
activity#org.protocoder.activities.LicenseActivity
ADDED from AndroidManifest.xml:72:9
	android:noHistory
		ADDED from AndroidManifest.xml:77:13
	android:label
		ADDED from AndroidManifest.xml:76:13
	android:theme
		ADDED from AndroidManifest.xml:74:13
	android:parentActivityName
		ADDED from AndroidManifest.xml:75:13
	android:name
		ADDED from AndroidManifest.xml:73:13
activity#org.protocoder.activities.SetPreferenceActivity
ADDED from AndroidManifest.xml:79:9
	android:noHistory
		ADDED from AndroidManifest.xml:84:13
	android:label
		ADDED from AndroidManifest.xml:83:13
	android:theme
		ADDED from AndroidManifest.xml:82:13
	android:parentActivityName
		ADDED from AndroidManifest.xml:81:13
	android:name
		ADDED from AndroidManifest.xml:80:13
activity#org.protocoder.activities.ProtoScriptShareActivity
ADDED from AndroidManifest.xml:87:9
	android:label
		ADDED from AndroidManifest.xml:89:13
	android:theme
		ADDED from AndroidManifest.xml:90:13
	android:name
		ADDED from AndroidManifest.xml:88:13
	android:logo
		ADDED from AndroidManifest.xml:91:13
intent-filter#android.intent.action.SEND+android.intent.category.DEFAULT
ADDED from AndroidManifest.xml:93:13
action#android.intent.action.SEND
ADDED from AndroidManifest.xml:94:17
	android:name
		ADDED from AndroidManifest.xml:94:25
data
ADDED from AndroidManifest.xml:96:17
	android:mimeType
		ADDED from AndroidManifest.xml:96:23
activity#org.protocoder.activities.ProtoAppInstallerActivity
ADDED from AndroidManifest.xml:102:9
	android:label
		ADDED from AndroidManifest.xml:103:13
	android:theme
		ADDED from AndroidManifest.xml:104:13
	android:name
		ADDED from AndroidManifest.xml:102:19
	android:logo
		ADDED from AndroidManifest.xml:105:13
intent-filter#android.intent.action.VIEW+org.protocoder.ProtoAppInstallerActivity
ADDED from AndroidManifest.xml:107:13
action#android.intent.action.VIEW
ADDED from AndroidManifest.xml:108:17
	android:name
		ADDED from AndroidManifest.xml:108:25
action#org.protocoder.ProtoAppInstallerActivity
ADDED from AndroidManifest.xml:109:17
	android:name
		ADDED from AndroidManifest.xml:109:25
provider#org.protocoder.ProtoContentProvider2
ADDED from AndroidManifest.xml:118:9
	android:exported
		ADDED from AndroidManifest.xml:121:13
	android:authorities
		ADDED from AndroidManifest.xml:120:13
	android:name
		ADDED from AndroidManifest.xml:119:13
uses-feature#0x00020000
ADDED from Protocoder:protocoder_apprunner:unspecified:normalrunnerRelease:11:5
	android:required
		ADDED from Protocoder:protocoder_apprunner:unspecified:normalrunnerRelease:13:9
	android:glEsVersion
		ADDED from Protocoder:protocoder_apprunner:unspecified:normalrunnerRelease:12:9
uses-feature#android.hardware.nfc
ADDED from Protocoder:protocoder_apprunner:unspecified:normalrunnerRelease:14:5
	android:required
		ADDED from Protocoder:protocoder_apprunner:unspecified:normalrunnerRelease:16:9
	android:name
		ADDED from Protocoder:protocoder_apprunner:unspecified:normalrunnerRelease:15:9
uses-feature#android.hardware.camera
ADDED from Protocoder:protocoder_apprunner:unspecified:normalrunnerRelease:17:5
	android:required
		ADDED from Protocoder:protocoder_apprunner:unspecified:normalrunnerRelease:19:9
	android:name
		ADDED from Protocoder:protocoder_apprunner:unspecified:normalrunnerRelease:18:9
uses-feature#android.hardware.camera.front
ADDED from Protocoder:protocoder_apprunner:unspecified:normalrunnerRelease:20:5
	android:required
		ADDED from Protocoder:protocoder_apprunner:unspecified:normalrunnerRelease:22:9
	android:name
		ADDED from Protocoder:protocoder_apprunner:unspecified:normalrunnerRelease:21:9
uses-feature#android.hardware.camera.flash
ADDED from Protocoder:protocoder_apprunner:unspecified:normalrunnerRelease:23:5
	android:required
		ADDED from Protocoder:protocoder_apprunner:unspecified:normalrunnerRelease:25:9
	android:name
		ADDED from Protocoder:protocoder_apprunner:unspecified:normalrunnerRelease:24:9
uses-feature#android.hardware.microphone
ADDED from Protocoder:protocoder_apprunner:unspecified:normalrunnerRelease:26:5
	android:required
		ADDED from Protocoder:protocoder_apprunner:unspecified:normalrunnerRelease:28:9
	android:name
		ADDED from Protocoder:protocoder_apprunner:unspecified:normalrunnerRelease:27:9
uses-feature#android.hardware.usb.host
ADDED from Protocoder:protocoder_apprunner:unspecified:normalrunnerRelease:29:5
	android:required
		ADDED from Protocoder:protocoder_apprunner:unspecified:normalrunnerRelease:31:9
	android:name
		ADDED from Protocoder:protocoder_apprunner:unspecified:normalrunnerRelease:30:9
uses-permission#android.permission.INTERNET
ADDED from Protocoder:protocoder_apprunner:unspecified:normalrunnerRelease:33:5
	android:name
		ADDED from Protocoder:protocoder_apprunner:unspecified:normalrunnerRelease:33:22
uses-permission#android.permission.ACCESS_WIFI_STATE
ADDED from Protocoder:protocoder_apprunner:unspecified:normalrunnerRelease:34:5
	android:name
		ADDED from Protocoder:protocoder_apprunner:unspecified:normalrunnerRelease:34:22
uses-permission#android.permission.CHANGE_WIFI_STATE
ADDED from Protocoder:protocoder_apprunner:unspecified:normalrunnerRelease:35:5
	android:name
		ADDED from Protocoder:protocoder_apprunner:unspecified:normalrunnerRelease:35:22
uses-permission#android.permission.CHANGE_WIFI_MULTICAST_STATE
ADDED from Protocoder:protocoder_apprunner:unspecified:normalrunnerRelease:36:5
	android:name
		ADDED from Protocoder:protocoder_apprunner:unspecified:normalrunnerRelease:36:22
uses-permission#android.permission.ACCESS_NETWORK_STATE
ADDED from Protocoder:protocoder_apprunner:unspecified:normalrunnerRelease:37:5
	android:name
		ADDED from Protocoder:protocoder_apprunner:unspecified:normalrunnerRelease:37:22
uses-permission#android.permission.VIBRATE
ADDED from Protocoder:protocoder_apprunner:unspecified:normalrunnerRelease:38:5
	android:name
		ADDED from Protocoder:protocoder_apprunner:unspecified:normalrunnerRelease:38:22
uses-permission#android.permission.WAKE_LOCK
ADDED from Protocoder:protocoder_apprunner:unspecified:normalrunnerRelease:39:5
	android:name
		ADDED from Protocoder:protocoder_apprunner:unspecified:normalrunnerRelease:39:22
uses-permission#android.permission.WRITE_EXTERNAL_STORAGE
ADDED from Protocoder:protocoder_apprunner:unspecified:normalrunnerRelease:40:5
	android:name
		ADDED from Protocoder:protocoder_apprunner:unspecified:normalrunnerRelease:40:22
uses-permission#android.permission.READ_PHONE_STATE
ADDED from Protocoder:protocoder_apprunner:unspecified:normalrunnerRelease:41:5
	android:name
		ADDED from Protocoder:protocoder_apprunner:unspecified:normalrunnerRelease:41:22
uses-permission#android.permission.BLUETOOTH
ADDED from Protocoder:protocoder_apprunner:unspecified:normalrunnerRelease:42:5
	android:name
		ADDED from Protocoder:protocoder_apprunner:unspecified:normalrunnerRelease:42:22
uses-permission#android.permission.BLUETOOTH_ADMIN
ADDED from Protocoder:protocoder_apprunner:unspecified:normalrunnerRelease:43:5
	android:name
		ADDED from Protocoder:protocoder_apprunner:unspecified:normalrunnerRelease:43:22
uses-permission#android.permission.WRITE_SETTINGS
ADDED from Protocoder:protocoder_apprunner:unspecified:normalrunnerRelease:44:5
	android:name
		ADDED from Protocoder:protocoder_apprunner:unspecified:normalrunnerRelease:44:22
uses-permission#android.permission.NFC
ADDED from Protocoder:protocoder_apprunner:unspecified:normalrunnerRelease:45:5
	android:name
		ADDED from Protocoder:protocoder_apprunner:unspecified:normalrunnerRelease:45:22
uses-permission#android.permission.RECEIVE_SMS
ADDED from Protocoder:protocoder_apprunner:unspecified:normalrunnerRelease:46:5
	android:name
		ADDED from Protocoder:protocoder_apprunner:unspecified:normalrunnerRelease:46:22
uses-permission#com.android.launcher.permission.INSTALL_SHORTCUT
ADDED from Protocoder:protocoder_apprunner:unspecified:normalrunnerRelease:47:5
	android:name
		ADDED from Protocoder:protocoder_apprunner:unspecified:normalrunnerRelease:47:22
uses-permission#android.permission.CAMERA
ADDED from Protocoder:protocoder_apprunner:unspecified:normalrunnerRelease:48:5
	android:name
		ADDED from Protocoder:protocoder_apprunner:unspecified:normalrunnerRelease:48:22
uses-permission#android.permission.FLASHLIGHT
ADDED from Protocoder:protocoder_apprunner:unspecified:normalrunnerRelease:49:5
	android:name
		ADDED from Protocoder:protocoder_apprunner:unspecified:normalrunnerRelease:49:22
uses-permission#android.permission.ACCESS_FINE_LOCATION
ADDED from Protocoder:protocoder_apprunner:unspecified:normalrunnerRelease:50:5
	android:name
		ADDED from Protocoder:protocoder_apprunner:unspecified:normalrunnerRelease:50:22
uses-permission#android.permisssion.ACCESS_COARSE_LOCATION
ADDED from Protocoder:protocoder_apprunner:unspecified:normalrunnerRelease:51:5
	android:name
		ADDED from Protocoder:protocoder_apprunner:unspecified:normalrunnerRelease:51:22
uses-permission#android.permission.MODIFY_AUDIO_SETINGS
ADDED from Protocoder:protocoder_apprunner:unspecified:normalrunnerRelease:52:5
	android:name
		ADDED from Protocoder:protocoder_apprunner:unspecified:normalrunnerRelease:52:22
uses-permission#android.permission.RECORD_AUDIO
ADDED from Protocoder:protocoder_apprunner:unspecified:normalrunnerRelease:53:5
	android:name
		ADDED from Protocoder:protocoder_apprunner:unspecified:normalrunnerRelease:53:22
uses-permission#android.permission.RECORD_VIDEO
ADDED from Protocoder:protocoder_apprunner:unspecified:normalrunnerRelease:54:5
	android:name
		ADDED from Protocoder:protocoder_apprunner:unspecified:normalrunnerRelease:54:22
activity#org.protocoderrunner.apprunner.AppRunnerActivity
ADDED from Protocoder:protocoder_apprunner:unspecified:normalrunnerRelease:62:9
	android:windowSoftInputMode
		ADDED from Protocoder:protocoder_apprunner:unspecified:normalrunnerRelease:68:13
	android:label
		ADDED from Protocoder:protocoder_apprunner:unspecified:normalrunnerRelease:65:13
	android:configChanges
		ADDED from Protocoder:protocoder_apprunner:unspecified:normalrunnerRelease:64:13
	android:theme
		ADDED from Protocoder:protocoder_apprunner:unspecified:normalrunnerRelease:67:13
	android:name
		ADDED from Protocoder:protocoder_apprunner:unspecified:normalrunnerRelease:63:13
	android:launchMode
		ADDED from Protocoder:protocoder_apprunner:unspecified:normalrunnerRelease:66:13
intent-filter#android.intent.action.CREATE_SHORTCUT+android.intent.category.DEFAULT+org.protocoderrunner.apprunner.AppRunnerActivity
ADDED from Protocoder:protocoder_apprunner:unspecified:normalrunnerRelease:69:13
action#android.intent.action.CREATE_SHORTCUT
ADDED from Protocoder:protocoder_apprunner:unspecified:normalrunnerRelease:70:17
	android:name
		ADDED from Protocoder:protocoder_apprunner:unspecified:normalrunnerRelease:70:25
action#org.protocoderrunner.apprunner.AppRunnerActivity
ADDED from Protocoder:protocoder_apprunner:unspecified:normalrunnerRelease:71:17
	android:name
		ADDED from Protocoder:protocoder_apprunner:unspecified:normalrunnerRelease:71:25
intent-filter#android.nfc.action.TECH_DISCOVERED
ADDED from Protocoder:protocoder_apprunner:unspecified:normalrunnerRelease:86:13
action#android.nfc.action.TECH_DISCOVERED
ADDED from Protocoder:protocoder_apprunner:unspecified:normalrunnerRelease:87:17
	android:name
		ADDED from Protocoder:protocoder_apprunner:unspecified:normalrunnerRelease:87:25
service#org.protocoderrunner.apprunner.AppRunnerService
ADDED from Protocoder:protocoder_apprunner:unspecified:normalrunnerRelease:91:9
	android:label
		ADDED from Protocoder:protocoder_apprunner:unspecified:normalrunnerRelease:94:13
	android:icon
		ADDED from Protocoder:protocoder_apprunner:unspecified:normalrunnerRelease:93:13
	android:name
		ADDED from Protocoder:protocoder_apprunner:unspecified:normalrunnerRelease:92:13
service#org.protocoderrunner.hardware.IOIOBoardService
ADDED from Protocoder:protocoder_apprunner:unspecified:normalrunnerRelease:96:9
	android:name
		ADDED from Protocoder:protocoder_apprunner:unspecified:normalrunnerRelease:96:18
service#org.puredata.android.service.PdService
ADDED from Protocoder:protocoder_apprunner:unspecified:normalrunnerRelease:97:9
	android:name
		ADDED from Protocoder:protocoder_apprunner:unspecified:normalrunnerRelease:97:18
receiver#org.protocoderrunner.services.SmsReceiver
ADDED from Protocoder:protocoder_apprunner:unspecified:normalrunnerRelease:99:9
	android:name
		ADDED from Protocoder:protocoder_apprunner:unspecified:normalrunnerRelease:99:19
intent-filter#android.provider.Telephony.SMS_RECEIVED
ADDED from Protocoder:protocoder_apprunner:unspecified:normalrunnerRelease:100:13
action#android.provider.Telephony.SMS_RECEIVED
ADDED from Protocoder:protocoder_apprunner:unspecified:normalrunnerRelease:101:17
	android:name
		ADDED from Protocoder:protocoder_apprunner:unspecified:normalrunnerRelease:101:25
receiver#org.protocoderrunner.services.AlarmReceiver
ADDED from Protocoder:protocoder_apprunner:unspecified:normalrunnerRelease:104:9
	android:process
		ADDED from Protocoder:protocoder_apprunner:unspecified:normalrunnerRelease:106:13
	android:name
		ADDED from Protocoder:protocoder_apprunner:unspecified:normalrunnerRelease:105:13
activity#android.support.v7.widget.TestActivity
ADDED from com.android.support:recyclerview-v7:21.0.3:18:9
	android:label
		ADDED from com.android.support:recyclerview-v7:21.0.3:18:19
	android:name
		ADDED from com.android.support:recyclerview-v7:21.0.3:18:60